[Mon Mar 10 2025] [10:59:20 PM] POST /api/users/login
[Mon Mar 10 2025] [10:59:33 PM] POST /api/users/logout
[Mon Mar 10 2025] [11:01:33 PM] POST /api/users/logout
[Mon Mar 10 2025] [11:01:36 PM] POST /api/users/login
[Fri Mar 28 2025] [11:09:49 AM] POST /api/users/login
[Fri Mar 28 2025] [11:09:55 AM] GET /api/tasks
[Fri Mar 28 2025] [11:10:04 AM] GET /api/tasks?status=done
[Fri Mar 28 2025] [11:10:16 AM] GET /api/tasks?status=pending
[Fri Mar 28 2025] [11:10:26 AM] GET /api/tasks?limit=1
[Fri Mar 28 2025] [11:10:30 AM] GET /api/tasks
[Fri Mar 28 2025] [11:10:34 AM] DELETE /api/users/67c6e7f50b347438121f5c82
[Fri Mar 28 2025] [11:10:37 AM] GET /api/tasks/67c6d6264ef391ac3ef42118
[Fri Mar 28 2025] [11:10:40 AM] GET /api/tasks/67c6d6264ef391ac3ef42118
[Fri Mar 28 2025] [11:10:58 AM] POST /api/users/logout
[Fri Mar 28 2025] [11:14:38 AM] POST /api/users/register
[Fri Mar 28 2025] [11:14:44 AM] POST /api/users/login
[Fri Mar 28 2025] [11:15:05 AM] POST /api/users/logout
[Fri Mar 28 2025] [11:15:15 AM] POST /api/users/login
[Fri Mar 28 2025] [11:15:41 AM] POST /api/users/login
[Fri Mar 28 2025] [11:16:00 AM] DELETE /api/users/67e6687e2b628b3c16031e97
[Fri Mar 28 2025] [11:16:08 AM] GET /api/tasks
[Fri Mar 28 2025] [11:16:12 AM] GET /api/tasks?status=pending
[Fri Mar 28 2025] [11:16:16 AM] GET /api/tasks?status=done
[Fri Mar 28 2025] [11:16:21 AM] GET /api/tasks?limit=1
[Fri Mar 28 2025] [11:16:26 AM] GET /api/tasks
[Fri Mar 28 2025] [11:16:29 AM] GET /api/tasks/67c6d6264ef391ac3ef42118
[Fri Mar 28 2025] [11:16:43 AM] POST /api/tasks/
[Fri Mar 28 2025] [11:16:45 AM] GET /api/tasks
[Fri Mar 28 2025] [11:16:56 AM] GET /api/tasks?status=pending
[Fri Mar 28 2025] [11:17:40 AM] PUT /api/tasks/67e668fb2b628b3c16031ea3
[Fri Mar 28 2025] [11:17:45 AM] PUT /api/tasks/67e668fb2b628b3c16031ea3
[Fri Mar 28 2025] [11:17:48 AM] GET /api/tasks?status=pending
[Fri Mar 28 2025] [11:17:58 AM] DELETE /api/tasks/67e668fb2b628b3c16031ea3
[Fri Mar 28 2025] [11:18:02 AM] GET /api/tasks?status=pending
[Fri Mar 28 2025] [11:18:05 AM] GET /api/tasks
